2018-10-25 20:21:52,018 - Log4JLogChute initialized using file 'velocity.log'
2018-10-25 20:21:52,019 - Initializing Velocity, Calling init()...
2018-10-25 20:21:52,019 - Starting Apache Velocity v1.7 (compiled: 2010-11-19 12:14:37)
2018-10-25 20:21:52,019 - Default Properties File: org/apache/velocity/runtime/defaults/velocity.properties
2018-10-25 20:21:52,020 - Trying to use logger class org.apache.velocity.runtime.log.AvalonLogChute
2018-10-25 20:21:52,020 - Target log system for org.apache.velocity.runtime.log.AvalonLogChute is not available (java.lang.NoClassDefFoundError: org/apache/log/format/Formatter).  Falling back to next log system...
2018-10-25 20:21:52,020 - Trying to use logger class org.apache.velocity.runtime.log.Log4JLogChute
2018-10-25 20:21:52,020 - Using logger class org.apache.velocity.runtime.log.Log4JLogChute
2018-10-25 20:21:52,026 - ResourceLoader instantiated: org.apache.velocity.runtime.resource.loader.ClasspathResourceLoader
2018-10-25 20:21:52,071 - ResourceCache: initialized (class org.apache.velocity.runtime.resource.ResourceCacheImpl) with class java.util.Collections$SynchronizedMap cache map.
2018-10-25 20:21:52,073 - Loaded System Directive: org.apache.velocity.runtime.directive.Stop
2018-10-25 20:21:52,175 - Loaded System Directive: org.apache.velocity.runtime.directive.Define
2018-10-25 20:21:52,189 - Loaded System Directive: org.apache.velocity.runtime.directive.Break
2018-10-25 20:21:52,191 - Loaded System Directive: org.apache.velocity.runtime.directive.Evaluate
2018-10-25 20:21:52,193 - Loaded System Directive: org.apache.velocity.runtime.directive.Literal
2018-10-25 20:21:52,197 - Loaded System Directive: org.apache.velocity.runtime.directive.Macro
2018-10-25 20:21:52,199 - Loaded System Directive: org.apache.velocity.runtime.directive.Parse
2018-10-25 20:21:52,201 - Loaded System Directive: org.apache.velocity.runtime.directive.Include
2018-10-25 20:21:52,203 - Loaded System Directive: org.apache.velocity.runtime.directive.Foreach
2018-10-25 20:21:52,280 - Created '20' parsers.
2018-10-25 20:21:52,290 - Velocimacro : "velocimacro.library" is not set.  Trying default library: VM_global_library.vm
2018-10-25 20:21:52,291 - Could not load resource 'VM_global_library.vm' from ResourceLoader org.apache.velocity.runtime.resource.loader.ClasspathResourceLoader: ClasspathResourceLoader Error: cannot find resource VM_global_library.vm
2018-10-25 20:21:52,291 - Velocimacro : Default library not found.
2018-10-25 20:21:52,291 - Velocimacro : allowInline = true : VMs can be defined inline in templates
2018-10-25 20:21:52,291 - Velocimacro : allowInlineToOverride = false : VMs defined inline may NOT replace previous VM definitions
2018-10-25 20:21:52,291 - Velocimacro : allowInlineLocal = false : VMs defined inline will be global in scope if allowed.
2018-10-25 20:21:52,291 - Velocimacro : autoload off : VM system will not automatically reload global library macros
2018-10-25 20:21:52,426 - ResourceManager : found /templates/entity.java.vm with loader org.apache.velocity.runtime.resource.loader.ClasspathResourceLoader
2018-10-25 20:21:52,443 - Left side (${versionFieldName}) of '==' operation has null value. If it is a reference, it may not be in the context or its toString() returned null. /templates/entity.java.vm[line 76, column 26]
2018-10-25 20:21:52,443 - Left side (${logicDeleteFieldName}) of '==' operation has null value. If it is a reference, it may not be in the context or its toString() returned null. /templates/entity.java.vm[line 80, column 30]
2018-10-25 20:21:52,454 - ResourceManager : found /templates/mapper.java.vm with loader org.apache.velocity.runtime.resource.loader.ClasspathResourceLoader
2018-10-25 20:21:52,459 - ResourceManager : found /templates/mapper.xml.vm with loader org.apache.velocity.runtime.resource.loader.ClasspathResourceLoader
2018-10-25 20:21:52,476 - ResourceManager : found /templates/service.java.vm with loader org.apache.velocity.runtime.resource.loader.ClasspathResourceLoader
2018-10-25 20:21:52,482 - ResourceManager : found /templates/serviceImpl.java.vm with loader org.apache.velocity.runtime.resource.loader.ClasspathResourceLoader
2018-10-25 20:21:52,486 - ResourceManager : found /templates/controller.java.vm with loader org.apache.velocity.runtime.resource.loader.ClasspathResourceLoader
2018-10-25 20:25:14,453 - Log4JLogChute initialized using file 'velocity.log'
2018-10-25 20:25:14,455 - Initializing Velocity, Calling init()...
2018-10-25 20:25:14,456 - Starting Apache Velocity v1.7 (compiled: 2010-11-19 12:14:37)
2018-10-25 20:25:14,456 - Default Properties File: org/apache/velocity/runtime/defaults/velocity.properties
2018-10-25 20:25:14,456 - Trying to use logger class org.apache.velocity.runtime.log.AvalonLogChute
2018-10-25 20:25:14,456 - Target log system for org.apache.velocity.runtime.log.AvalonLogChute is not available (java.lang.NoClassDefFoundError: org/apache/log/format/Formatter).  Falling back to next log system...
2018-10-25 20:25:14,456 - Trying to use logger class org.apache.velocity.runtime.log.Log4JLogChute
2018-10-25 20:25:14,456 - Using logger class org.apache.velocity.runtime.log.Log4JLogChute
2018-10-25 20:25:14,462 - ResourceLoader instantiated: org.apache.velocity.runtime.resource.loader.ClasspathResourceLoader
2018-10-25 20:25:14,549 - ResourceCache: initialized (class org.apache.velocity.runtime.resource.ResourceCacheImpl) with class java.util.Collections$SynchronizedMap cache map.
2018-10-25 20:25:14,551 - Loaded System Directive: org.apache.velocity.runtime.directive.Stop
2018-10-25 20:25:14,553 - Loaded System Directive: org.apache.velocity.runtime.directive.Define
2018-10-25 20:25:14,555 - Loaded System Directive: org.apache.velocity.runtime.directive.Break
2018-10-25 20:25:14,557 - Loaded System Directive: org.apache.velocity.runtime.directive.Evaluate
2018-10-25 20:25:14,558 - Loaded System Directive: org.apache.velocity.runtime.directive.Literal
2018-10-25 20:25:14,560 - Loaded System Directive: org.apache.velocity.runtime.directive.Macro
2018-10-25 20:25:14,562 - Loaded System Directive: org.apache.velocity.runtime.directive.Parse
2018-10-25 20:25:14,582 - Loaded System Directive: org.apache.velocity.runtime.directive.Include
2018-10-25 20:25:14,584 - Loaded System Directive: org.apache.velocity.runtime.directive.Foreach
2018-10-25 20:25:14,718 - Created '20' parsers.
2018-10-25 20:25:14,733 - Velocimacro : "velocimacro.library" is not set.  Trying default library: VM_global_library.vm
2018-10-25 20:25:14,734 - Could not load resource 'VM_global_library.vm' from ResourceLoader org.apache.velocity.runtime.resource.loader.ClasspathResourceLoader: ClasspathResourceLoader Error: cannot find resource VM_global_library.vm
2018-10-25 20:25:14,734 - Velocimacro : Default library not found.
2018-10-25 20:25:14,734 - Velocimacro : allowInline = true : VMs can be defined inline in templates
2018-10-25 20:25:14,734 - Velocimacro : allowInlineToOverride = false : VMs defined inline may NOT replace previous VM definitions
2018-10-25 20:25:14,734 - Velocimacro : allowInlineLocal = false : VMs defined inline will be global in scope if allowed.
2018-10-25 20:25:14,734 - Velocimacro : autoload off : VM system will not automatically reload global library macros
2018-10-25 20:25:14,908 - ResourceManager : found /templates/entity.java.vm with loader org.apache.velocity.runtime.resource.loader.ClasspathResourceLoader
2018-10-25 20:25:14,934 - Left side (${versionFieldName}) of '==' operation has null value. If it is a reference, it may not be in the context or its toString() returned null. /templates/entity.java.vm[line 76, column 26]
2018-10-25 20:25:14,934 - Left side (${logicDeleteFieldName}) of '==' operation has null value. If it is a reference, it may not be in the context or its toString() returned null. /templates/entity.java.vm[line 80, column 30]
2018-10-25 20:25:14,949 - ResourceManager : found /templates/mapper.java.vm with loader org.apache.velocity.runtime.resource.loader.ClasspathResourceLoader
2018-10-25 20:25:14,956 - ResourceManager : found /templates/mapper.xml.vm with loader org.apache.velocity.runtime.resource.loader.ClasspathResourceLoader
2018-10-25 20:25:14,962 - ResourceManager : found /templates/service.java.vm with loader org.apache.velocity.runtime.resource.loader.ClasspathResourceLoader
2018-10-25 20:25:14,965 - ResourceManager : found /templates/serviceImpl.java.vm with loader org.apache.velocity.runtime.resource.loader.ClasspathResourceLoader
2018-10-25 20:25:14,976 - ResourceManager : found /templates/controller.java.vm with loader org.apache.velocity.runtime.resource.loader.ClasspathResourceLoader
